<?xml version="1.0" encoding="UTF-8"?>
<testng-results ignored="0" total="1" passed="1" failed="0" skipped="0">
  <reporter-output>
  </reporter-output>
  <suite started-at="2024-02-08T08:24:26 CET" name="Default suite" finished-at="2024-02-08T08:24:30 CET" duration-ms="3180">
    <groups>
    </groups>
    <test started-at="2024-02-08T08:24:26 CET" name="Default test" finished-at="2024-02-08T08:24:30 CET" duration-ms="3180">
      <class name="org.mock.api.MockGetUserWithParamTest">
        <test-method is-config="true" signature="setup()[pri:0, instance:org.mock.api.MockGetUserWithParamTest@2f7c2f4f]" started-at="2024-02-08T08:24:26 CET" name="setup" finished-at="2024-02-08T08:24:28 CET" duration-ms="1369" status="PASS">
          <reporter-output>
          </reporter-output>
        </test-method> <!-- setup -->
        <test-method signature="mockUserWithParamsAPITest()[pri:0, instance:org.mock.api.MockGetUserWithParamTest@2f7c2f4f]" started-at="2024-02-08T08:24:28 CET" name="mockUserWithParamsAPITest" finished-at="2024-02-08T08:24:29 CET" duration-ms="1771" status="PASS">
          <reporter-output>
          </reporter-output>
        </test-method> <!-- mockUserWithParamsAPITest -->
        <test-method is-config="true" signature="teardown()[pri:0, instance:org.mock.api.MockGetUserWithParamTest@2f7c2f4f]" started-at="2024-02-08T08:24:29 CET" name="teardown" finished-at="2024-02-08T08:24:30 CET" duration-ms="11" status="PASS">
          <reporter-output>
          </reporter-output>
        </test-method> <!-- teardown -->
      </class> <!-- org.mock.api.MockGetUserWithParamTest -->
    </test> <!-- Default test -->
  </suite> <!-- Default suite -->
</testng-results>
